-------------------------------------------------------------------------------
Test set: com.example.demo.ProyectoFinalTomasDelPino1ApplicationTests
-------------------------------------------------------------------------------
Tests run: 1, Failures: 0, Errors: 1, Skipped: 0, Time elapsed: 0.266 s <<< FAILURE! - in com.example.demo.ProyectoFinalTomasDelPino1ApplicationTests
com.example.demo.ProyectoFinalTomasDelPino1ApplicationTests  Time elapsed: 0.264 s  <<< ERROR!
java.lang.IllegalStateException: Unable to find a @SpringBootConfiguration, you need to use @ContextConfiguration or @SpringBootTest(classes=...) with your test

